<?xml version="1.0" encoding="UTF-8"?>
<!-- Generated by org.testng.reporters.JUnitReportReporter -->
<testsuite hostname="PORTISHEAD-PC" failures="0" tests="1" name="demoqa.book_store.LoginTests" time="2.654" errors="0" timestamp="2024-08-19T12:02:27 CEST" skipped="0">
  <testcase classname="demoqa.book_store.LoginTests" name="loginPositiveTest" time="2.654"/>
</testsuite> <!-- demoqa.book_store.LoginTests -->
